<?xml version="1.0" encoding="UTF-8"?>
<!-- Generated by org.testng.reporters.JUnitXMLReporter -->
<testsuite ignored="0" hostname="LAPTOP-4SG5IKJK" failures="0" tests="3" name="Test" time="16.582" errors="0" timestamp="2023-05-19T19:45:31 EDT">
  <testcase classname="test_Ng_challenge.Data_Provider_Practice" name="getSignIn" time="5.666"/>
  <testcase classname="test_Ng_challenge.Data_Provider_Practice" name="getSignIn" time="4.786"/>
  <testcase classname="test_Ng_challenge.Data_Provider_Practice" name="getSignIn" time="4.938"/>
</testsuite> <!-- Test -->
