<?xml version="1.0" encoding="UTF-8"?>
<testng-results ignored="0" total="1" passed="1" failed="0" skipped="0">
  <reporter-output>
  </reporter-output>
  <suite started-at="2023-06-30T12:57:56 EDT" name="Default suite" finished-at="2023-06-30T12:58:02 EDT" duration-ms="6028">
    <groups>
      <group name="cucumber">
        <method signature="AbstractTestNGCucumberTests.runScenario(io.cucumber.testng.PickleWrapper,io.cucumber.testng.FeatureWrapper)[pri:0, instance:st.ny.myrunnerTest.MyRunner@3a44431a]" name="runScenario" class="io.cucumber.testng.AbstractTestNGCucumberTests"/>
      </group> <!-- cucumber -->
    </groups>
    <test started-at="2023-06-30T12:57:56 EDT" name="Default test" finished-at="2023-06-30T12:58:02 EDT" duration-ms="6028">
      <class name="st.ny.myrunnerTest.MyRunner">
        <test-method is-config="true" signature="setUpClass()[pri:0, instance:st.ny.myrunnerTest.MyRunner@3a44431a]" started-at="2023-06-30T12:57:56 EDT" name="setUpClass" finished-at="2023-06-30T12:57:56 EDT" duration-ms="291" status="PASS">
          <reporter-output>
          </reporter-output>
        </test-method> <!-- setUpClass -->
        <test-method signature="runScenario(io.cucumber.testng.PickleWrapper,io.cucumber.testng.FeatureWrapper)[pri:0, instance:st.ny.myrunnerTest.MyRunner@3a44431a]" started-at="2023-06-30T12:57:56 EDT" name="runScenario" description="Runs Cucumber Scenarios" data-provider="scenarios" finished-at="2023-06-30T12:58:02 EDT" duration-ms="5695" status="PASS">
          <params>
            <param index="0">
              <value>
                <![CDATA["User Able To Login, Purchase And Download Invoice."]]>
              </value>
            </param>
            <param index="1">
              <value>
                <![CDATA["Optional[Valid Users Able To Download Invoice after purchase the order.]"]]>
              </value>
            </param>
          </params>
          <reporter-output>
          </reporter-output>
        </test-method> <!-- runScenario -->
        <test-method is-config="true" signature="tearDownClass()[pri:0, instance:st.ny.myrunnerTest.MyRunner@3a44431a]" started-at="2023-06-30T12:58:02 EDT" name="tearDownClass" finished-at="2023-06-30T12:58:02 EDT" duration-ms="6" status="PASS">
          <reporter-output>
          </reporter-output>
        </test-method> <!-- tearDownClass -->
      </class> <!-- st.ny.myrunnerTest.MyRunner -->
    </test> <!-- Default test -->
  </suite> <!-- Default suite -->
</testng-results>
